<?xml version="1.0" encoding="UTF-8"?>
<testng-results skipped="0" failed="0" ignored="0" total="18" passed="18">
  <reporter-output>
  </reporter-output>
  <suite name="Default Suite" duration-ms="461293" started-at="2018-09-14T15:06:14Z" finished-at="2018-09-14T15:13:55Z">
    <groups>
    </groups>
    <test name="mnd_integration_tests" duration-ms="461293" started-at="2018-09-14T15:06:14Z" finished-at="2018-09-14T15:13:55Z">
      <class name="integrationTests.ContentCreatorTests">
        <test-method status="PASS" signature="setUp()[pri:0, instance:integrationTests.ContentCreatorTests@1134affc]" name="setUp" is-config="true" duration-ms="2375" started-at="2018-09-14T15:06:14Z" finished-at="2018-09-14T15:06:16Z">
          <reporter-output>
          </reporter-output>
        </test-method> <!-- setUp -->
        <test-method status="PASS" signature="login_as_content_creator_test()[pri:-2, instance:integrationTests.ContentCreatorTests@1134affc]" name="login_as_content_creator_test" duration-ms="15384" started-at="2018-09-14T15:06:16Z" description="This test will verify login feature for Content Creator" finished-at="2018-09-14T15:06:31Z">
          <reporter-output>
          </reporter-output>
        </test-method> <!-- login_as_content_creator_test -->
        <test-method status="PASS" signature="log_out_test()[pri:-1, instance:integrationTests.ContentCreatorTests@1134affc]" name="log_out_test" duration-ms="18141" started-at="2018-09-14T15:06:31Z" description="check logout functionality" finished-at="2018-09-14T15:06:49Z">
          <reporter-output>
          </reporter-output>
        </test-method> <!-- log_out_test -->
        <test-method status="PASS" signature="main_navigation_menu_interaction()[pri:1, instance:integrationTests.ContentCreatorTests@1134affc]" name="main_navigation_menu_interaction" duration-ms="42847" started-at="2018-09-14T15:06:49Z" description="check main navigation menu interactions" finished-at="2018-09-14T15:07:32Z">
          <reporter-output>
          </reporter-output>
        </test-method> <!-- main_navigation_menu_interaction -->
        <test-method status="PASS" signature="view_as_visitor_test()[pri:2, instance:integrationTests.ContentCreatorTests@1134affc]" name="view_as_visitor_test" duration-ms="21270" started-at="2018-09-14T15:07:32Z" description="verify view as visitor feature" finished-at="2018-09-14T15:07:54Z">
          <reporter-output>
          </reporter-output>
        </test-method> <!-- view_as_visitor_test -->
        <test-method status="PASS" signature="edit_portfolio_test()[pri:3, instance:integrationTests.ContentCreatorTests@1134affc]" name="edit_portfolio_test" duration-ms="42815" started-at="2018-09-14T15:07:54Z" description="verify edit portfolio" finished-at="2018-09-14T15:08:36Z">
          <reporter-output>
          </reporter-output>
        </test-method> <!-- edit_portfolio_test -->
        <test-method status="PASS" signature="create_portfolio_item()[pri:4, instance:integrationTests.ContentCreatorTests@1134affc]" name="create_portfolio_item" duration-ms="12042" started-at="2018-09-14T15:08:36Z" description="verify create portfolio item" finished-at="2018-09-14T15:08:48Z">
          <reporter-output>
          </reporter-output>
        </test-method> <!-- create_portfolio_item -->
        <test-method status="PASS" signature="edit_portfolio_item()[pri:5, instance:integrationTests.ContentCreatorTests@1134affc]" name="edit_portfolio_item" duration-ms="27089" started-at="2018-09-14T15:08:48Z" description="verify ability to edit portfolio item" finished-at="2018-09-14T15:09:16Z">
          <reporter-output>
          </reporter-output>
        </test-method> <!-- edit_portfolio_item -->
        <test-method status="PASS" signature="view_portfolio_item()[pri:6, instance:integrationTests.ContentCreatorTests@1134affc]" name="view_portfolio_item" duration-ms="25271" started-at="2018-09-14T15:09:16Z" description="checks ability to view portfolio item" finished-at="2018-09-14T15:09:41Z">
          <reporter-output>
          </reporter-output>
        </test-method> <!-- view_portfolio_item -->
        <test-method status="PASS" signature="delete_portfolio_item()[pri:7, instance:integrationTests.ContentCreatorTests@1134affc]" name="delete_portfolio_item" duration-ms="19652" started-at="2018-09-14T15:09:41Z" description="checks ability to delete PI" finished-at="2018-09-14T15:10:00Z">
          <reporter-output>
          </reporter-output>
        </test-method> <!-- delete_portfolio_item -->
        <test-method status="PASS" signature="portfolio_item_link_transferring()[pri:8, instance:integrationTests.ContentCreatorTests@1134affc]" name="portfolio_item_link_transferring" duration-ms="29379" started-at="2018-09-14T15:10:00Z" description="checks portfolio item link transferring" finished-at="2018-09-14T15:10:30Z">
          <reporter-output>
          </reporter-output>
        </test-method> <!-- portfolio_item_link_transferring -->
        <test-method status="PASS" signature="delete_portfolio_avatar_image()[pri:9, instance:integrationTests.ContentCreatorTests@1134affc]" name="delete_portfolio_avatar_image" duration-ms="46086" started-at="2018-09-14T15:10:30Z" description="checks ability to remove avatar" finished-at="2018-09-14T15:11:16Z">
          <reporter-output>
          </reporter-output>
        </test-method> <!-- delete_portfolio_avatar_image -->
        <test-method status="PASS" signature="delete_portfolio_cover_image()[pri:10, instance:integrationTests.ContentCreatorTests@1134affc]" name="delete_portfolio_cover_image" duration-ms="38761" started-at="2018-09-14T15:11:16Z" description="checks ability to remove cover image" finished-at="2018-09-14T15:11:55Z">
          <reporter-output>
          </reporter-output>
        </test-method> <!-- delete_portfolio_cover_image -->
        <test-method status="PASS" signature="sub_navigation_interactions()[pri:11, instance:integrationTests.ContentCreatorTests@1134affc]" name="sub_navigation_interactions" duration-ms="10047" started-at="2018-09-14T15:11:55Z" description="checks sub-navigation menu interactions" finished-at="2018-09-14T15:12:05Z">
          <reporter-output>
          </reporter-output>
        </test-method> <!-- sub_navigation_interactions -->
        <test-method status="PASS" signature="check_assignments_selector()[pri:12, instance:integrationTests.ContentCreatorTests@1134affc]" name="check_assignments_selector" duration-ms="7168" started-at="2018-09-14T15:12:05Z" description="checks filtering section" finished-at="2018-09-14T15:12:12Z">
          <reporter-output>
          </reporter-output>
        </test-method> <!-- check_assignments_selector -->
        <test-method status="PASS" signature="apply_job_assignment()[pri:13, instance:integrationTests.ContentCreatorTests@1134affc]" name="apply_job_assignment" duration-ms="15116" started-at="2018-09-14T15:12:12Z" description="checks apply for a job" finished-at="2018-09-14T15:12:27Z">
          <reporter-output>
          </reporter-output>
        </test-method> <!-- apply_job_assignment -->
        <test-method status="PASS" signature="unfinished_profile_message_appearing()[pri:14, instance:integrationTests.ContentCreatorTests@1134affc]" name="unfinished_profile_message_appearing" duration-ms="53974" started-at="2018-09-14T15:12:27Z" description="checks unfinished profile" finished-at="2018-09-14T15:13:21Z">
          <reporter-output>
          </reporter-output>
        </test-method> <!-- unfinished_profile_message_appearing -->
        <test-method status="PASS" signature="clear_filters_via_zero_state_message()[pri:15, instance:integrationTests.ContentCreatorTests@1134affc]" name="clear_filters_via_zero_state_message" duration-ms="1" started-at="2018-09-14T15:13:21Z" description="check clearing filters via no result message button" finished-at="2018-09-14T15:13:21Z">
          <reporter-output>
          </reporter-output>
        </test-method> <!-- clear_filters_via_zero_state_message -->
        <test-method status="PASS" signature="view_portfolio_item_in_view_as_visitor()[pri:16, instance:integrationTests.ContentCreatorTests@1134affc]" name="view_portfolio_item_in_view_as_visitor" duration-ms="33722" started-at="2018-09-14T15:13:21Z" description="checks view portfolio item in view as visitor mode" finished-at="2018-09-14T15:13:55Z">
          <reporter-output>
          </reporter-output>
        </test-method> <!-- view_portfolio_item_in_view_as_visitor -->
        <test-method status="PASS" signature="quit()[pri:0, instance:integrationTests.ContentCreatorTests@1134affc]" name="quit" is-config="true" duration-ms="110" started-at="2018-09-14T15:13:55Z" finished-at="2018-09-14T15:13:55Z">
          <reporter-output>
          </reporter-output>
        </test-method> <!-- quit -->
      </class> <!-- integrationTests.ContentCreatorTests -->
    </test> <!-- mnd_integration_tests -->
  </suite> <!-- Default Suite -->
</testng-results>
