<?xml version="1.0" encoding="UTF-8"?>
<!-- Generated by org.testng.reporters.JUnitReportReporter -->
<testsuite skipped="0" hostname="workstation" name="integrationTests.ContentCreatorTests" tests="10" failures="0" timestamp="07 Aug 2018 12:56:29 GMT" time="245.086" errors="0">
  <testcase name="login_as_content_creator_test" time="13.447" classname="integrationTests.ContentCreatorTests"/>
  <testcase name="view_as_visitor_test" time="12.503" classname="integrationTests.ContentCreatorTests"/>
  <testcase name="edit_portfolio_test" time="36.025" classname="integrationTests.ContentCreatorTests"/>
  <testcase name="create_portfolio_item" time="16.272" classname="integrationTests.ContentCreatorTests"/>
  <testcase name="edit_portfolio_item" time="26.904" classname="integrationTests.ContentCreatorTests"/>
  <testcase name="view_portfolio_item" time="22.716" classname="integrationTests.ContentCreatorTests"/>
  <testcase name="delete_portfolio_item" time="14.817" classname="integrationTests.ContentCreatorTests"/>
  <testcase name="portfolio_item_link_transferring" time="14.570" classname="integrationTests.ContentCreatorTests"/>
  <testcase name="delete_portfolio_avatar_image" time="41.341" classname="integrationTests.ContentCreatorTests"/>
  <testcase name="delete_portfolio_cover_image" time="46.491" classname="integrationTests.ContentCreatorTests"/>
</testsuite> <!-- integrationTests.ContentCreatorTests -->
